<?xml version="1.0" encoding="UTF-8"?>
<testng-results ignored="0" total="1" passed="1" failed="0" skipped="0">
  <reporter-output>
  </reporter-output>
  <suite started-at="2023-06-04T12:52:25 IST" name="Default suite" finished-at="2023-06-04T12:55:03 IST" duration-ms="158236">
    <groups>
    </groups>
    <test started-at="2023-06-04T12:52:25 IST" name="Default test" finished-at="2023-06-04T12:55:03 IST" duration-ms="158236">
      <class name="Jenkins.Jenkins_Study">
        <test-method signature="TC_001()[pri:0, instance:Jenkins.Jenkins_Study@247d8ae]" started-at="2023-06-04T12:52:25 IST" name="TC_001" finished-at="2023-06-04T12:55:03 IST" duration-ms="157892" status="PASS">
          <reporter-output>
          </reporter-output>
        </test-method> <!-- TC_001 -->
      </class> <!-- Jenkins.Jenkins_Study -->
    </test> <!-- Default test -->
  </suite> <!-- Default suite -->
</testng-results>
